This is pdfTeX, Version 3.14159265-2.6-1.40.21 (TeX Live 2020/Debian) (preloaded format=pdflatex 2021.2.6)  26 MAR 2021 23:06
entering extended mode
 restricted \write18 enabled.
 %&-line parsing enabled.
**Tesi_Triennale_PMNS.tex
(./Tesi_Triennale_PMNS.tex
LaTeX2e <2020-02-02> patch level 5
L3 programming layer <2020-07-17>
(/usr/share/texlive/texmf-dist/tex/latex/base/book.cls
Document Class: book 2019/12/20 v1.4l Standard LaTeX document class
(/usr/share/texlive/texmf-dist/tex/latex/base/bk11.clo
File: bk11.clo 2019/12/20 v1.4l Standard LaTeX file (size option)
)
\c@part=\count168
\c@chapter=\count169
\c@section=\count170
\c@subsection=\count171
\c@subsubsection=\count172
\c@paragraph=\count173
\c@subparagraph=\count174
\c@figure=\count175
\c@table=\count176
\abovecaptionskip=\skip47
\belowcaptionskip=\skip48
\bibindent=\dimen134
) (./Preambolo.sty
Package: Preambolo 

(/usr/share/texlive/texmf-dist/tex/latex/geometry/geometry.sty
Package: geometry 2020/01/02 v5.9 Page Geometry

(/usr/share/texlive/texmf-dist/tex/latex/graphics/keyval.sty
Package: keyval 2014/10/28 v1.15 key=value parser (DPC)
\KV@toks@=\toks15
)
(/usr/share/texlive/texmf-dist/tex/generic/iftex/ifvtex.sty
Package: ifvtex 2019/10/25 v1.7 ifvtex legacy package. Use iftex instead.

(/usr/share/texlive/texmf-dist/tex/generic/iftex/iftex.sty
Package: iftex 2020/03/06 v1.0d TeX engine tests
))
\Gm@cnth=\count177
\Gm@cntv=\count178
\c@Gm@tempcnt=\count179
\Gm@bindingoffset=\dimen135
\Gm@wd@mp=\dimen136
\Gm@odd@mp=\dimen137
\Gm@even@mp=\dimen138
\Gm@layoutwidth=\dimen139
\Gm@layoutheight=\dimen140
\Gm@layouthoffset=\dimen141
\Gm@layoutvoffset=\dimen142
\Gm@dimlist=\toks16
)
(/usr/share/texlive/texmf-dist/tex/latex/setspace/setspace.sty
Package: setspace 2011/12/19 v6.7a set line spacing
)
(/usr/share/texlive/texmf-dist/tex/latex/pdfx/pdfx.sty
Package: pdfx 2019/02/27 v1.6.3 PDF/X and PDF/A support (CVR/HTH/RRM/PS)
\pdfx@minorversion=\count180

(/usr/share/texlive/texmf-dist/tex/generic/iftex/ifpdf.sty
Package: ifpdf 2019/10/25 v3.4 ifpdf legacy package. Use iftex instead.
)
(/usr/share/texlive/texmf-dist/tex/generic/iftex/ifxetex.sty
Package: ifxetex 2019/10/25 v0.7 ifxetex legacy package. Use iftex instead.
)
(/usr/share/texlive/texmf-dist/tex/latex/ms/everyshi.sty
Package: everyshi 2001/05/15 v3.00 EveryShipout Package (MS)
)
(/usr/share/texlive/texmf-dist/tex/generic/iftex/ifluatex.sty
Package: ifluatex 2019/10/25 v1.5 ifluatex legacy package. Use iftex instead.
){/var/lib/texmf/fonts/map/pdftex/updmap/pdftex.map}
(/usr/share/texlive/texmf-dist/tex/latex/base/inputenc.sty
Package: inputenc 2018/08/11 v1.3c Input encoding file
\inpenc@prehook=\toks17
\inpenc@posthook=\toks18
)
(/usr/share/texlive/texmf-dist/tex/latex/pdfx/l8u-penc.def
File: l8u-penc.def 2017/06/23 v0.8 Custom LaTeX file, for UTF8 encoded letters 
and symbols
LaTeX Info: Composite with undeclared \b in encoding L8U on input line 278.
)
\pdfxsafeforxmp@toks=\toks19

(/usr/share/texlive/texmf-dist/tex/latex/xcolor/xcolor.sty
Package: xcolor 2016/05/11 v2.12 LaTeX color extensions (UK)

(/usr/share/texlive/texmf-dist/tex/latex/graphics-cfg/color.cfg
File: color.cfg 2016/01/02 v1.6 sample color configuration
)
Package xcolor Info: Driver file: pdftex.def on input line 225.

(/usr/share/texlive/texmf-dist/tex/latex/graphics-def/pdftex.def
File: pdftex.def 2018/01/08 v1.0l Graphics/color driver for pdftex
)
Package xcolor Info: Model `cmy' substituted by `cmy0' on input line 1348.
Package xcolor Info: Model `hsb' substituted by `rgb' on input line 1352.
Package xcolor Info: Model `RGB' extended on input line 1364.
Package xcolor Info: Model `HTML' substituted by `rgb' on input line 1366.
Package xcolor Info: Model `Hsb' substituted by `hsb' on input line 1367.
Package xcolor Info: Model `tHsb' substituted by `hsb' on input line 1368.
Package xcolor Info: Model `HSB' substituted by `hsb' on input line 1369.
Package xcolor Info: Model `Gray' substituted by `gray' on input line 1370.
Package xcolor Info: Model `wave' substituted by `hsb' on input line 1371.
)
\pdfx@tmptoks=\toks20

(/usr/share/texlive/texmf-dist/tex/latex/hyperref/hyperref.sty
Package: hyperref 2020-05-15 v7.00e Hypertext links for LaTeX

(/usr/share/texlive/texmf-dist/tex/generic/ltxcmds/ltxcmds.sty
Package: ltxcmds 2019/12/15 v1.24 LaTeX kernel commands for general use (HO)
)
(/usr/share/texlive/texmf-dist/tex/generic/pdftexcmds/pdftexcmds.sty
Package: pdftexcmds 2020-06-27 v0.33 Utility functions of pdfTeX for LuaTeX (HO
)

(/usr/share/texlive/texmf-dist/tex/generic/infwarerr/infwarerr.sty
Package: infwarerr 2019/12/03 v1.5 Providing info/warning/error messages (HO)
)
Package pdftexcmds Info: \pdf@primitive is available.
Package pdftexcmds Info: \pdf@ifprimitive is available.
Package pdftexcmds Info: \pdfdraftmode found.
)
(/usr/share/texlive/texmf-dist/tex/generic/kvsetkeys/kvsetkeys.sty
Package: kvsetkeys 2019/12/15 v1.18 Key value parser (HO)
)
(/usr/share/texlive/texmf-dist/tex/generic/kvdefinekeys/kvdefinekeys.sty
Package: kvdefinekeys 2019-12-19 v1.6 Define keys (HO)
)
(/usr/share/texlive/texmf-dist/tex/generic/pdfescape/pdfescape.sty
Package: pdfescape 2019/12/09 v1.15 Implements pdfTeX's escape features (HO)
)
(/usr/share/texlive/texmf-dist/tex/latex/hycolor/hycolor.sty
Package: hycolor 2020-01-27 v1.10 Color options for hyperref/bookmark (HO)
)
(/usr/share/texlive/texmf-dist/tex/latex/letltxmacro/letltxmacro.sty
Package: letltxmacro 2019/12/03 v1.6 Let assignment for LaTeX macros (HO)
)
(/usr/share/texlive/texmf-dist/tex/latex/auxhook/auxhook.sty
Package: auxhook 2019-12-17 v1.6 Hooks for auxiliary files (HO)
)
(/usr/share/texlive/texmf-dist/tex/latex/kvoptions/kvoptions.sty
Package: kvoptions 2019/11/29 v3.13 Key value format for package options (HO)
)
\@linkdim=\dimen143
\Hy@linkcounter=\count181
\Hy@pagecounter=\count182

(/usr/share/texlive/texmf-dist/tex/latex/hyperref/pd1enc.def
File: pd1enc.def 2020-05-15 v7.00e Hyperref: PDFDocEncoding definition (HO)
)
(/usr/share/texlive/texmf-dist/tex/generic/intcalc/intcalc.sty
Package: intcalc 2019/12/15 v1.3 Expandable calculations with integers (HO)
)
(/usr/share/texlive/texmf-dist/tex/generic/etexcmds/etexcmds.sty
Package: etexcmds 2019/12/15 v1.7 Avoid name clashes with e-TeX commands (HO)
)
\Hy@SavedSpaceFactor=\count183
Package hyperref Info: Option `pdfa' set `true' on input line 4338.
Package hyperref Info: Hyper figures OFF on input line 4464.
Package hyperref Info: Link nesting OFF on input line 4469.
Package hyperref Info: Hyper index ON on input line 4472.
Package hyperref Info: Plain pages OFF on input line 4479.
Package hyperref Info: Backreferencing OFF on input line 4484.
Package hyperref Info: Implicit mode ON; LaTeX internals redefined.
Package hyperref Info: Bookmarks ON on input line 4717.
\c@Hy@tempcnt=\count184

(/usr/share/texlive/texmf-dist/tex/latex/url/url.sty
\Urlmuskip=\muskip16
Package: url 2013/09/16  ver 3.4  Verb mode for urls, etc.
)
LaTeX Info: Redefining \url on input line 5076.
\XeTeXLinkMargin=\dimen144

(/usr/share/texlive/texmf-dist/tex/generic/bitset/bitset.sty
Package: bitset 2019/12/09 v1.3 Handle bit-vector datatype (HO)

(/usr/share/texlive/texmf-dist/tex/generic/bigintcalc/bigintcalc.sty
Package: bigintcalc 2019/12/15 v1.5 Expandable calculations on big integers (HO
)
))
\Fld@menulength=\count185
\Field@Width=\dimen145
\Fld@charsize=\dimen146
Package hyperref Info: Hyper figures OFF on input line 6347.
Package hyperref Info: Link nesting OFF on input line 6352.
Package hyperref Info: Hyper index ON on input line 6355.
Package hyperref Info: backreferencing OFF on input line 6362.
Package hyperref Info: Link coloring OFF on input line 6367.
Package hyperref Info: Link coloring with OCG OFF on input line 6372.
Package hyperref Info: PDF/A mode ON on input line 6375.
LaTeX Info: Redefining \ref on input line 6417.
LaTeX Info: Redefining \pageref on input line 6421.

(/usr/share/texlive/texmf-dist/tex/generic/atbegshi/atbegshi.sty
Package: atbegshi 2019/12/05 v1.19 At begin shipout hook (HO)
)
\Hy@abspage=\count186
\c@Item=\count187
\c@Hfootnote=\count188
)
Package hyperref Info: Driver: hpdftex.

(/usr/share/texlive/texmf-dist/tex/latex/hyperref/hpdftex.def
File: hpdftex.def 2020-05-15 v7.00e Hyperref driver for pdfTeX

(/usr/share/texlive/texmf-dist/tex/latex/atveryend/atveryend.sty
Package: atveryend 2019-12-11 v1.11 Hooks at the very end of document (HO)
Package atveryend Info: \enddocument detected (standard20110627).
)
\Fld@listcount=\count189
\c@bookmark@seq@number=\count190

(/usr/share/texlive/texmf-dist/tex/latex/rerunfilecheck/rerunfilecheck.sty
Package: rerunfilecheck 2019/12/05 v1.9 Rerun checks for auxiliary files (HO)

(/usr/share/texlive/texmf-dist/tex/generic/uniquecounter/uniquecounter.sty
Package: uniquecounter 2019/12/15 v1.4 Provide unlimited unique counter (HO)
)
Package uniquecounter Info: New unique counter `rerunfilecheck' on input line 2
86.
)
\Hy@SectionHShift=\skip49
)
Package hyperref Info: Option `unicode' set `true' on input line 1463.

(/usr/share/texlive/texmf-dist/tex/latex/hyperref/puenc.def
File: puenc.def 2020-05-15 v7.00e Hyperref: PDF Unicode definition (HO)
)
(/usr/share/texlive/texmf-dist/tex/generic/stringenc/stringenc.sty
Package: stringenc 2019/11/29 v1.12 Convert strings between diff. encodings (HO
)
)
Package hyperref Info: Option `psdextra' set `true' on input line 1465.

(/usr/share/texlive/texmf-dist/tex/latex/hyperref/psdextra.def
File: psdextra.def 2020-05-15 v7.00e Hyperref: Additions to PDF string support
)
(/usr/share/texlive/texmf-dist/tex/generic/colorprofiles/colorprofiles.sty
Package: colorprofiles 2018/11/01 v1.0.1 color profiles for PDF/X and PDF/A sup
port

(/usr/share/texlive/texmf-dist/tex/generic/colorprofiles/colorprofiles.tex))
(/usr/share/texlive/texmf-dist/tex/generic/stringenc/se-pdfdoc.def
File: se-pdfdoc.def 2019/11/29 v1.12 stringenc: PDFDocEncoding
)
(/usr/share/texlive/texmf-dist/tex/latex/pdfx/AdobeColorProfiles.tex)
(/usr/share/texlive/texmf-dist/tex/latex/pdfx/8bit.def
File: 8bit.def 2008/03/30 v1.1d Input encoding file
)
** pdfx: Metadata file Tesi_Triennale_PMNS.xmpdata read successfully.
(./Tesi_Triennale_PMNS.xmpdata)<<sRGB.icc>>
(/usr/share/texlive/texmf-dist/tex/latex/pdfx/8bit.def
File: 8bit.def 2008/03/30 v1.1d Input encoding file
)
(/usr/share/texlive/texmf-dist/tex/latex/pdfx/8bit.def
File: 8bit.def 2008/03/30 v1.1d Input encoding file
)
(/usr/share/texlive/texmf-dist/tex/generic/stringenc/se-utf8.def
File: se-utf8.def 2019/11/29 v1.12 stringenc: UTF-8
)
(/usr/share/texlive/texmf-dist/tex/latex/pdfx/8bit.def
File: 8bit.def 2008/03/30 v1.1d Input encoding file
)
Package hyperref Info: Option `unicode' set `true' on input line 2411.
Package hyperref Info: Option `unicode' set `true' on input line 2412.

(/usr/share/texlive/texmf-dist/tex/latex/pdfx/8bit.def
File: 8bit.def 2008/03/30 v1.1d Input encoding file
)
(/usr/share/texlive/texmf-dist/tex/generic/pdftex/glyphtounicode.tex)
(/usr/share/texlive/texmf-dist/tex/latex/pdfx/glyphtounicode-cmr.tex)
(/usr/share/texlive/texmf-dist/tex/latex/pdfx/glyphtounicode-ntx.tex)
(/usr/share/texlive/texmf-dist/tex/latex/base/ifthen.sty
Package: ifthen 2014/09/29 v1.1c Standard LaTeX ifthen package (DPC)
)
(/usr/share/texlive/texmf-dist/tex/latex/xmpincl/xmpincl.sty
Package: xmpincl 2008/05/10 v2.2 Include XMP data in pdflatex
)
(/usr/share/texlive/texmf-dist/tex/latex/pdfx/8bit.def
File: 8bit.def 2008/03/30 v1.1d Input encoding file
)
Using XMP template file: pdfa.xmp
\xmpinclWrite=\write3
\xmpinclRead=\read2
\openout3 = `pdfa.xmpi'.

<<pdfa.xmpi>>) (/usr/share/texlive/texmf-dist/tex/latex/graphics/graphicx.sty
Package: graphicx 2019/11/30 v1.2a Enhanced LaTeX Graphics (DPC,SPQR)

(/usr/share/texlive/texmf-dist/tex/latex/graphics/graphics.sty
Package: graphics 2019/11/30 v1.4a Standard LaTeX Graphics (DPC,SPQR)

(/usr/share/texlive/texmf-dist/tex/latex/graphics/trig.sty
Package: trig 2016/01/03 v1.10 sin cos tan (DPC)
)
(/usr/share/texlive/texmf-dist/tex/latex/graphics-cfg/graphics.cfg
File: graphics.cfg 2016/06/04 v1.11 sample graphics configuration
)
Package graphics Info: Driver file: pdftex.def on input line 105.
)
\Gin@req@height=\dimen147
\Gin@req@width=\dimen148
)
(/usr/share/texlive/texmf-dist/tex/latex/base/inputenc.sty
Package: inputenc 2018/08/11 v1.3c Input encoding file
)
(/usr/share/texlive/texmf-dist/tex/latex/base/fontenc.sty
Package: fontenc 2020/02/11 v2.0o Standard LaTeX package
)
(/usr/share/texlive/texmf-dist/tex/latex/amsfonts/amssymb.sty
Package: amssymb 2013/01/14 v3.01 AMS font symbols

(/usr/share/texlive/texmf-dist/tex/latex/amsfonts/amsfonts.sty
Package: amsfonts 2013/01/14 v3.01 Basic AMSFonts support
\@emptytoks=\toks21
\symAMSa=\mathgroup4
\symAMSb=\mathgroup5
LaTeX Font Info:    Redeclaring math symbol \hbar on input line 98.
LaTeX Font Info:    Overwriting math alphabet `\mathfrak' in version `bold'
(Font)                  U/euf/m/n --> U/euf/b/n on input line 106.
))
(/usr/share/texlive/texmf-dist/tex/latex/amsmath/amsmath.sty
Package: amsmath 2020/01/20 v2.17e AMS math features
\@mathmargin=\skip50

For additional information on amsmath, use the `?' option.
(/usr/share/texlive/texmf-dist/tex/latex/amsmath/amstext.sty
Package: amstext 2000/06/29 v2.01 AMS text

(/usr/share/texlive/texmf-dist/tex/latex/amsmath/amsgen.sty
File: amsgen.sty 1999/11/30 v2.0 generic functions
\@emptytoks=\toks22
\ex@=\dimen149
))
(/usr/share/texlive/texmf-dist/tex/latex/amsmath/amsbsy.sty
Package: amsbsy 1999/11/29 v1.2d Bold Symbols
\pmbraise@=\dimen150
)
(/usr/share/texlive/texmf-dist/tex/latex/amsmath/amsopn.sty
Package: amsopn 2016/03/08 v2.02 operator names
)
\inf@bad=\count191
LaTeX Info: Redefining \frac on input line 227.
\uproot@=\count192
\leftroot@=\count193
LaTeX Info: Redefining \overline on input line 389.
\classnum@=\count194
\DOTSCASE@=\count195
LaTeX Info: Redefining \ldots on input line 486.
LaTeX Info: Redefining \dots on input line 489.
LaTeX Info: Redefining \cdots on input line 610.
\Mathstrutbox@=\box45
\strutbox@=\box46
\big@size=\dimen151
LaTeX Font Info:    Redeclaring font encoding OML on input line 733.
LaTeX Font Info:    Redeclaring font encoding OMS on input line 734.
\macc@depth=\count196
\c@MaxMatrixCols=\count197
\dotsspace@=\muskip17
\c@parentequation=\count198
\dspbrk@lvl=\count199
\tag@help=\toks23
\row@=\count266
\column@=\count267
\maxfields@=\count268
\andhelp@=\toks24
\eqnshift@=\dimen152
\alignsep@=\dimen153
\tagshift@=\dimen154
\tagwidth@=\dimen155
\totwidth@=\dimen156
\lineht@=\dimen157
\@envbody=\toks25
\multlinegap=\skip51
\multlinetaggap=\skip52
\mathdisplay@stack=\toks26
LaTeX Info: Redefining \[ on input line 2859.
LaTeX Info: Redefining \] on input line 2860.
)
(/usr/share/texlive/texmf-dist/tex/latex/amscls/amsthm.sty
Package: amsthm 2020/05/29 v2.20.6
\thm@style=\toks27
\thm@bodyfont=\toks28
\thm@headfont=\toks29
\thm@notefont=\toks30
\thm@headpunct=\toks31
\thm@preskip=\skip53
\thm@postskip=\skip54
\thm@headsep=\skip55
\dth@everypar=\toks32
)
(/usr/share/texlive/texmf-dist/tex/latex/tools/xspace.sty
Package: xspace 2014/10/28 v1.13 Space after command names (DPC,MH)
)
(/usr/share/texlive/texmf-dist/tex/latex/tools/tabularx.sty
Package: tabularx 2020/01/15 v2.11c `tabularx' package (DPC)

(/usr/share/texlive/texmf-dist/tex/latex/tools/array.sty
Package: array 2019/08/31 v2.4l Tabular extension package (FMi)
\col@sep=\dimen158
\ar@mcellbox=\box47
\extrarowheight=\dimen159
\NC@list=\toks33
\extratabsurround=\skip56
\backup@length=\skip57
\ar@cellbox=\box48
)
\TX@col@width=\dimen160
\TX@old@table=\dimen161
\TX@old@col=\dimen162
\TX@target=\dimen163
\TX@delta=\dimen164
\TX@cols=\count269
\TX@ftn=\toks34
)
(/usr/share/texlive/texmf-dist/tex/latex/tools/indentfirst.sty
Package: indentfirst 1995/11/23 v1.03 Indent first paragraph (DPC)
)
(/usr/share/texlive/texmf-dist/tex/latex/caption/caption.sty
Package: caption 2020/05/30 v3.4k Customizing captions (AR)

(/usr/share/texlive/texmf-dist/tex/latex/caption/caption3.sty
Package: caption3 2020/07/20 v1.12b caption3 kernel (AR)
Package caption3 Info: TeX engine: e-TeX on input line 61.
\captionmargin=\dimen165
\captionmargin@=\dimen166
\captionwidth=\dimen167
\caption@tempdima=\dimen168
\caption@indent=\dimen169
\caption@parindent=\dimen170
\caption@hangindent=\dimen171
Package caption Info: Standard document class detected.
)
\c@caption@flags=\count270
\c@continuedfloat=\count271
Package caption Info: hyperref package is loaded.
)
(/usr/share/texlive/texmf-dist/tex/latex/amsfonts/eucal.sty
Package: eucal 2009/06/22 v3.00 Euler Script fonts
LaTeX Font Info:    Overwriting math alphabet `\EuScript' in version `bold'
(Font)                  U/eus/m/n --> U/eus/b/n on input line 33.
)
(/usr/share/texlive/texmf-dist/tex/latex/eso-pic/eso-pic.sty
Package: eso-pic 2018/04/12 v2.0h eso-pic (RN)
)
(/usr/share/texlive/texmf-dist/tex/latex/booktabs/booktabs.sty
Package: booktabs 2020/01/12 v1.61803398 Publication quality tables
\heavyrulewidth=\dimen172
\lightrulewidth=\dimen173
\cmidrulewidth=\dimen174
\belowrulesep=\dimen175
\belowbottomsep=\dimen176
\aboverulesep=\dimen177
\abovetopsep=\dimen178
\cmidrulesep=\dimen179
\cmidrulekern=\dimen180
\defaultaddspace=\dimen181
\@cmidla=\count272
\@cmidlb=\count273
\@aboverulesep=\dimen182
\@belowrulesep=\dimen183
\@thisruleclass=\count274
\@lastruleclass=\count275
\@thisrulewidth=\dimen184
)
(/usr/share/texlive/texmf-dist/tex/latex/tools/afterpage.sty
Package: afterpage 2014/10/28 v1.08 After-Page Package (DPC)
\AP@output=\toks35
\AP@partial=\box49
\AP@footins=\box50
)
(/usr/share/texlive/texmf-dist/tex/latex/parskip/parskip.sty
Package: parskip 2020-06-15 v2.0f non-zero parskip adjustments

(/usr/share/texlive/texmf-dist/tex/latex/etoolbox/etoolbox.sty
Package: etoolbox 2020/07/15 v2.5i e-TeX tools for LaTeX (JAW)
\etb@tempcnta=\count276
))
(/usr/share/texlive/texmf-dist/tex/latex/listings/listings.sty
\lst@mode=\count277
\lst@gtempboxa=\box51
\lst@token=\toks36
\lst@length=\count278
\lst@currlwidth=\dimen185
\lst@column=\count279
\lst@pos=\count280
\lst@lostspace=\dimen186
\lst@width=\dimen187
\lst@newlines=\count281
\lst@lineno=\count282
\lst@maxwidth=\dimen188

(/usr/share/texlive/texmf-dist/tex/latex/listings/lstmisc.sty
File: lstmisc.sty 2020/03/24 1.8d (Carsten Heinz)
\c@lstnumber=\count283
\lst@skipnumbers=\count284
\lst@framebox=\box52
)
(/usr/share/texlive/texmf-dist/tex/latex/listings/listings.cfg
File: listings.cfg 2020/03/24 1.8d listings configuration
))
Package: listings 2020/03/24 1.8d (Carsten Heinz)

(/usr/share/texlive/texmf-dist/tex/latex/fancyhdr/fancyhdr.sty
Package: fancyhdr 2019/01/31 v3.10 Extensive control of page headers and footer
s
\f@nch@headwidth=\skip58
\f@nch@O@elh=\skip59
\f@nch@O@erh=\skip60
\f@nch@O@olh=\skip61
\f@nch@O@orh=\skip62
\f@nch@O@elf=\skip63
\f@nch@O@erf=\skip64
\f@nch@O@olf=\skip65
\f@nch@O@orf=\skip66
)
(/usr/share/texlive/texmf-dist/tex/latex/base/textcomp.sty
Package: textcomp 2020/02/02 v2.0n Standard LaTeX package
)
(/usr/share/texlive/texmf-dist/tex/latex/cite/cite.sty
LaTeX Info: Redefining \cite on input line 302.
LaTeX Info: Redefining \nocite on input line 332.
Package: cite 2015/02/27  v 5.5
)
(/usr/share/texlive/texmf-dist/tex/latex/multirow/multirow.sty
Package: multirow 2019/05/31 v2.5 Span multiple rows of a table
\multirow@colwidth=\skip67
\multirow@cntb=\count285
\multirow@dima=\skip68
\bigstrutjot=\dimen189
)
(/usr/share/texlive/texmf-dist/tex/generic/babel/babel.sty
Package: babel 2020/07/13 3.47 The Babel package

(/usr/share/texlive/texmf-dist/tex/generic/babel/babel.def
File: babel.def 2020/07/13 3.47 Babel common definitions
\babel@savecnt=\count286
\U@D=\dimen190
\l@babelnohyphens=\language86

(/usr/share/texlive/texmf-dist/tex/generic/babel/txtbabel.def)
\bbl@readstream=\read3
)
\bbl@dirlevel=\count287

(/usr/share/texlive/texmf-dist/tex/generic/babel-italian/italian.ldf
Language: italian 2020/05/21 v.1.4.04 Italian support for the babel system
\it@lettering=\count288
\it@doublequoteactive=\count289
\it@ISOcompliance=\count290
))
(/usr/share/texlive/texmf-dist/tex/latex/lipsum/lipsum.sty
(/usr/share/texlive/texmf-dist/tex/latex/l3kernel/expl3.sty
Package: expl3 2020-07-17 L3 programming layer (loader) 

(/usr/share/texlive/texmf-dist/tex/latex/l3backend/l3backend-pdfmode.def
File: l3backend-pdfmode.def 2020-06-29 L3 backend support: PDF mode
\l__kernel_color_stack_int=\count291
\l__pdf_internal_box=\box53
))
(/usr/share/texlive/texmf-dist/tex/latex/l3packages/xparse/xparse.sty
Package: xparse 2020-05-15 L3 Experimental document command parser

(/usr/share/texlive/texmf-dist/tex/latex/l3packages/xparse/xparse-generic.tex
\l__xparse_current_arg_int=\count292
\g__xparse_grabber_int=\count293
\l__xparse_m_args_int=\count294
\l__xparse_v_nesting_int=\count295
))
Package: lipsum 2019/01/02 v2.2 150 paragraphs of Lorem Ipsum dummy text
(/usr/share/texlive/texmf-dist/tex/latex/lipsum/lipsum.ltd.tex
File: lipsum.ltd.tex 2019/01/02 v2.2 The Lorem ipsum dummy text
))
(/usr/share/texlive/texmf-dist/tex/latex/float/float.sty
Package: float 2001/11/08 v1.3d Float enhancements (AL)
\c@float@type=\count296
\float@exts=\toks37
\float@box=\box54
\@float@everytoks=\toks38
\@floatcapt=\box55
)
(/usr/share/texlive/texmf-dist/tex/latex/siunitx/siunitx.sty
Package: siunitx 2020/02/25 v2.8b A comprehensive (SI) units package

(/usr/share/texlive/texmf-dist/tex/latex/l3packages/l3keys2e/l3keys2e.sty
Package: l3keys2e 2020-05-15 LaTeX2e option processing using LaTeX3 keys
)
\l__siunitx_tmp_box=\box56
\l__siunitx_tmp_dim=\dimen191
\l__siunitx_tmp_int=\count297
\l__siunitx_number_mantissa_length_int=\count298
\l__siunitx_number_uncert_length_int=\count299
\l__siunitx_round_int=\count300
\l__siunitx_process_decimal_int=\count301
\l__siunitx_process_uncertainty_int=\count302
\l__siunitx_process_fixed_int=\count303
\l__siunitx_process_integer_min_int=\count304
\l__siunitx_process_precision_int=\count305
\l__siunitx_group_min_int=\count306
\l__siunitx_angle_marker_box=\box57
\l__siunitx_angle_unit_box=\box58
\l__siunitx_angle_marker_dim=\dimen192
\l__siunitx_angle_unit_dim=\dimen193
\l__siunitx_unit_int=\count307
\l__siunitx_unit_denominator_int=\count308
\l__siunitx_unit_numerator_int=\count309
\l__siunitx_unit_prefix_int=\count310
\l__siunitx_unit_prefix_base_int=\count311
\l__siunitx_unit_prefix_gram_int=\count312
\l__siunitx_number_product_int=\count313
\c__siunitx_one_fill_skip=\skip69
\l__siunitx_table_unit_align_skip=\skip70
\l__siunitx_table_exponent_dim=\dimen194
\l__siunitx_table_integer_dim=\dimen195
\l__siunitx_table_mantissa_dim=\dimen196
\l__siunitx_table_marker_dim=\dimen197
\l__siunitx_table_result_dim=\dimen198
\l__siunitx_table_uncert_dim=\dimen199
\l__siunitx_table_fill_pre_dim=\dimen256
\l__siunitx_table_fill_post_dim=\dimen257
\l__siunitx_table_fill_mid_dim=\dimen258
\l__siunitx_table_pre_box=\box59
\l__siunitx_table_post_box=\box60
\l__siunitx_table_mantissa_box=\box61
\l__siunitx_table_result_box=\box62
\l__siunitx_table_number_align_skip=\skip71
\l__siunitx_table_text_align_skip=\skip72

(/usr/share/texlive/texmf-dist/tex/latex/translator/translator.sty
Package: translator 2020-07-27 v1.12b Easy translation of strings in LaTeX
))
(/usr/share/texlive/texmf-dist/tex/latex/changepage/changepage.sty
Package: changepage 2009/10/20 v1.0c check page and change page layout
\c@cp@cntr=\count314
\cp@tempcnt=\count315
)
(/usr/share/texlive/texmf-dist/tex/latex/physics/physics.sty
Package: physics 
)
(/usr/share/texlive/texmf-dist/tex/latex/wrapfig/wrapfig.sty
\wrapoverhang=\dimen259
\WF@size=\dimen260
\c@WF@wrappedlines=\count316
\WF@box=\box63
\WF@everypar=\toks39
Package: wrapfig 2003/01/31  v 3.6
)
(/usr/share/texlive/texmf-dist/tex/latex/colortbl/colortbl.sty
Package: colortbl 2020/01/04 v1.0e Color table columns (DPC)
\everycr=\toks40
\minrowclearance=\skip73
)
(/usr/share/texlive/texmf-dist/tex/latex/enumitem/enumitem.sty
Package: enumitem 2019/06/20 v3.9 Customized lists
\labelindent=\skip74
\enit@outerparindent=\dimen261
\enit@toks=\toks41
\enit@inbox=\box64
\enit@count@id=\count317
\enitdp@description=\count318
)
(/usr/share/texlive/texmf-dist/tex/latex/psnfss/times.sty
Package: times 2020/03/25 PSNFSS-v9.3 (SPQR) 
)
(/usr/share/texlive/texmf-dist/tex/latex/sidecap/sidecap.sty
Package: sidecap 2003/06/06 v1.6f SideCap Package (RN/HjG)
\SC@BOXWD=\dimen262
\SC@CAPWD=\dimen263
\SC@tempdima=\dimen264
\SC@tempdimb=\dimen265
\c@SC@C=\count319
\SC@BOX=\box65
)
(/usr/share/texlive/texmf-dist/tex/latex/subfig/subfig.sty
Package: subfig 2005/06/28 ver: 1.3 subfig package
\c@KVtest=\count320
\sf@farskip=\skip75
\sf@captopadj=\dimen266
\sf@capskip=\skip76
\sf@nearskip=\skip77
\c@subfigure=\count321
\c@subfigure@save=\count322
\c@lofdepth=\count323
\c@subtable=\count324
\c@subtable@save=\count325
\c@lotdepth=\count326
\sf@top=\skip78
\sf@bottom=\skip79
)
(/usr/share/texlive/texmf-dist/tex/latex/tocbibind/tocbibind.sty
Package: tocbibind 2010/10/13 v1.5k extra ToC listings
Package tocbibind Info: The document has chapter divisions on input line 50.


Package tocbibind Note: Using chapter style headings, unless overridden.

)
   defining Unicode char U+2009 (decimal 8201)
) (./Tesi_Triennale_PMNS.aux (./Capitoli/Frontespizio/Frontespizio.aux)
(./Capitoli/Capitolo_1/Capitolo_1.aux) (./Capitoli/Capitolo_2/Capitolo_2.aux)
(./Capitoli/Capitolo_3/Capitolo_3.aux) (./Capitoli/Conclusioni/Conclusioni.aux)
)
\openout1 = `Tesi_Triennale_PMNS.aux'.

LaTeX Font Info:    Checking defaults for OML/cmm/m/it on input line 3.
LaTeX Font Info:    ... okay on input line 3.
LaTeX Font Info:    Checking defaults for OMS/cmsy/m/n on input line 3.
LaTeX Font Info:    ... okay on input line 3.
LaTeX Font Info:    Checking defaults for OT1/cmr/m/n on input line 3.
LaTeX Font Info:    ... okay on input line 3.
LaTeX Font Info:    Checking defaults for T1/cmr/m/n on input line 3.
LaTeX Font Info:    ... okay on input line 3.
LaTeX Font Info:    Checking defaults for TS1/cmr/m/n on input line 3.
LaTeX Font Info:    ... okay on input line 3.
LaTeX Font Info:    Checking defaults for OMX/cmex/m/n on input line 3.
LaTeX Font Info:    ... okay on input line 3.
LaTeX Font Info:    Checking defaults for U/cmr/m/n on input line 3.
LaTeX Font Info:    ... okay on input line 3.
LaTeX Font Info:    Checking defaults for PD1/pdf/m/n on input line 3.
LaTeX Font Info:    ... okay on input line 3.
LaTeX Font Info:    Checking defaults for PU/pdf/m/n on input line 3.
LaTeX Font Info:    ... okay on input line 3.
LaTeX Font Info:    Trying to load font information for T1+ptm on input line 3.

 (/usr/share/texlive/texmf-dist/tex/latex/psnfss/t1ptm.fd
File: t1ptm.fd 2001/06/04 font definitions for T1/ptm.
)
*geometry* driver: auto-detecting
*geometry* detected driver: pdftex
*geometry* verbose mode - [ preamble ] result:
* driver: pdftex
* paper: a4paper
* layout: <same size as paper>
* layoutoffset:(h,v)=(0.0pt,0.0pt)
* modes: 
* h-part:(L,W,R)=(56.9055pt, 483.69687pt, 56.9055pt)
* v-part:(T,H,B)=(56.9055pt, 731.23584pt, 56.9055pt)
* \paperwidth=597.50787pt
* \paperheight=845.04684pt
* \textwidth=483.69687pt
* \textheight=731.23584pt
* \oddsidemargin=-15.36449pt
* \evensidemargin=-15.36449pt
* \topmargin=-47.23828pt
* \headheight=12.0pt
* \headsep=19.8738pt
* \topskip=11.0pt
* \footskip=27.46295pt
* \marginparwidth=53.0pt
* \marginparsep=7.0pt
* \columnsep=10.0pt
* \skip\footins=10.0pt plus 4.0pt minus 2.0pt
* \hoffset=0.0pt
* \voffset=0.0pt
* \mag=1000
* \@twocolumnfalse
* \@twosidefalse
* \@mparswitchfalse
* \@reversemarginfalse
* (1in=72.27pt=25.4mm, 1cm=28.453pt)

ABD: EveryShipout initializing macros
(/usr/share/texlive/texmf-dist/tex/context/base/mkii/supp-pdf.mkii
[Loading MPS to PDF converter (version 2006.09.02).]
\scratchcounter=\count327
\scratchdimen=\dimen267
\scratchbox=\box66
\nofMPsegments=\count328
\nofMParguments=\count329
\everyMPshowfont=\toks42
\MPscratchCnt=\count330
\MPscratchDim=\dimen268
\MPnumerator=\count331
\makeMPintoPDFobject=\count332
\everyMPtoPDFconversion=\toks43
) (/usr/share/texlive/texmf-dist/tex/latex/epstopdf-pkg/epstopdf-base.sty
Package: epstopdf-base 2020-01-24 v2.11 Base part for package epstopdf
Package epstopdf-base Info: Redefining graphics rule for `.eps' on input line 4
85.

(/usr/share/texlive/texmf-dist/tex/latex/latexconfig/epstopdf-sys.cfg
File: epstopdf-sys.cfg 2010/07/13 v1.3 Configuration of (r)epstopdf for TeX Liv
e
))
\AtBeginShipoutBox=\box67
Package hyperref Info: Link coloring OFF on input line 3.

(/usr/share/texlive/texmf-dist/tex/latex/hyperref/nameref.sty
Package: nameref 2019/09/16 v2.46 Cross-referencing by name of section

(/usr/share/texlive/texmf-dist/tex/latex/refcount/refcount.sty
Package: refcount 2019/12/15 v3.6 Data extraction from label references (HO)
)
(/usr/share/texlive/texmf-dist/tex/generic/gettitlestring/gettitlestring.sty
Package: gettitlestring 2019/12/15 v1.6 Cleanup title references (HO)
)
\c@section@level=\count333
)
LaTeX Info: Redefining \ref on input line 3.
LaTeX Info: Redefining \pageref on input line 3.
LaTeX Info: Redefining \nameref on input line 3.

(./Tesi_Triennale_PMNS.out) (./Tesi_Triennale_PMNS.out)
\@outlinefile=\write4
\openout4 = `Tesi_Triennale_PMNS.out'.

Package caption Info: Begin \AtBeginDocument code.
Package caption Info: subfig package v1.3 is loaded.
Package caption Info: changepage package is loaded.
\caption@adjustwidth@hsize=\dimen269
\caption@adjustwidth@linewidth=\dimen270
Package caption Info: float package is loaded.
Package caption Info: listings package is loaded.
Package caption Info: sidecap package is loaded.
Package caption Info: wrapfig package is loaded.
Package caption Info: End \AtBeginDocument code.
\c@lstlisting=\count334
LaTeX Info: Redefining \it@ocap on input line 3.
LaTeX Info: Redefining \it@ccap on input line 3.

(/usr/share/texlive/texmf-dist/tex/latex/translator/translator-basic-dictionary
-English.dict
Dictionary: translator-basic-dictionary, Language: English 
)
(/usr/share/texlive/texmf-dist/tex/latex/siunitx/siunitx-abbreviations.cfg
File: siunitx-abbreviations.cfg 2017/11/26 v2.7k siunitx: Abbreviated units
)
(/usr/share/texlive/texmf-dist/tex/latex/ragged2e/ragged2e.sty
Package: ragged2e 2019/07/28 v2.2 ragged2e Package (MS)

(/usr/share/texlive/texmf-dist/tex/latex/ms/everysel.sty
Package: everysel 2011/10/28 v1.2 EverySelectfont Package (MS)

ABD: EverySelectfont initializing macros
LaTeX Info: Redefining \selectfont on input line 126.
)
\CenteringLeftskip=\skip80
\RaggedLeftLeftskip=\skip81
\RaggedRightLeftskip=\skip82
\CenteringRightskip=\skip83
\RaggedLeftRightskip=\skip84
\RaggedRightRightskip=\skip85
\CenteringParfillskip=\skip86
\RaggedLeftParfillskip=\skip87
\RaggedRightParfillskip=\skip88
\JustifyingParfillskip=\skip89
\CenteringParindent=\skip90
\RaggedLeftParindent=\skip91
\RaggedRightParindent=\skip92
\JustifyingParindent=\skip93
)
LaTeX Font Info:    Trying to load font information for U+msa on input line 3.

(/usr/share/texlive/texmf-dist/tex/latex/amsfonts/umsa.fd
File: umsa.fd 2013/01/14 v3.01 AMS symbols A
)
LaTeX Font Info:    Trying to load font information for U+msb on input line 3.

(/usr/share/texlive/texmf-dist/tex/latex/amsfonts/umsb.fd
File: umsb.fd 2013/01/14 v3.01 AMS symbols B
)
\openout2 = `Capitoli/Frontespizio/Frontespizio.aux'.


(./Capitoli/Frontespizio/Frontespizio.tex
<figures/Frontespizio/UNIPD.png, id=98, 943.525pt x 949.5475pt>
File: figures/Frontespizio/UNIPD.png Graphic file (type png)
<use figures/Frontespizio/UNIPD.png>
Package pdftex.def Info: figures/Frontespizio/UNIPD.png  used on input line 6.
(pdftex.def)             Requested size: 122.66255pt x 123.4455pt.
 [1




 <./figures/Frontespizio/UNIPD.png>]pdfTeX warning (ext4): destination with the
 same identifier (name{page.i}) has been already used, duplicate ignored
<to be read again> 
                   \relax 
l.65 	\chapter
              {Abstract} [1


] [2

] (./Tesi_Triennale_PMNS.toc)
\tf@toc=\write5
\openout5 = `Tesi_Triennale_PMNS.toc'.

) [3

]
\openout2 = `Capitoli/Capitolo_1/Capitolo_1.aux'.


(./Capitoli/Capitolo_1/Capitolo_1.tex
Capitolo 1.
[1




]
<figures/Capitolo_1/APR4.pdf, id=166, 433.62pt x 289.08pt>
File: figures/Capitolo_1/APR4.pdf Graphic file (type pdf)
<use figures/Capitolo_1/APR4.pdf>
Package pdftex.def Info: figures/Capitolo_1/APR4.pdf  used on input line 51.
(pdftex.def)             Requested size: 217.66211pt x 145.10866pt.
 [2 <./figures/Capitolo_1/APR4.pdf>]
LaTeX Font Info:    Trying to load font information for TS1+ptm on input line 6
8.

(/usr/share/texlive/texmf-dist/tex/latex/psnfss/ts1ptm.fd
File: ts1ptm.fd 2001/06/04 font definitions for TS1/ptm.
)
<figures/Capitolo_1/MagnetarEvolution.png, id=224, 1436.36626pt x 643.40375pt>
File: figures/Capitolo_1/MagnetarEvolution.png Graphic file (type png)
<use figures/Capitolo_1/MagnetarEvolution.png>
Package pdftex.def Info: figures/Capitolo_1/MagnetarEvolution.png  used on inpu
t line 78.
(pdftex.def)             Requested size: 287.26816pt x 128.67847pt.
 [3 <./figures/Capitolo_1/MagnetarEvolution.png>]
<figures/Capitolo_1/GW_spectrogram_APR4-q10-M1300.pdf, id=246, 604.4846pt x 528
.08565pt>
File: figures/Capitolo_1/GW_spectrogram_APR4-q10-M1300.pdf Graphic file (type p
df)
<use figures/Capitolo_1/GW_spectrogram_APR4-q10-M1300.pdf>
Package pdftex.def Info: figures/Capitolo_1/GW_spectrogram_APR4-q10-M1300.pdf  
used on input line 156.
(pdftex.def)             Requested size: 217.66211pt x 190.15097pt.

Overfull \hbox (3.29942pt too wide) in paragraph at lines 179--180
[]\T1/ptm/m/n/10.95 le fre-quen-ze $\OML/cmm/m/it/10.95 f[]$\T1/ptm/m/n/10.95 ,
 $\OML/cmm/m/it/10.95 f[]$ \T1/ptm/m/n/10.95 e $\OML/cmm/m/it/10.95 f[]$ \T1/pt
m/m/n/10.95 rap-pre-sen-ta-no i pic-chi prin-ci-pa-li vi-si-bi-li dal-l'os-ser-
va-zio-ne del-la post-coalescenza,
 []

<figures/Capitolo_1/gw_effect.png, id=252, 2773.36125pt x 1270.7475pt>
File: figures/Capitolo_1/gw_effect.png Graphic file (type png)
<use figures/Capitolo_1/gw_effect.png>
Package pdftex.def Info: figures/Capitolo_1/gw_effect.png  used on input line 1
94.
(pdftex.def)             Requested size: 193.47578pt x 88.63177pt.
[4 <./figures/Capitolo_1/GW_spectrogram_APR4-q10-M1300.pdf>]
<figures/Capitolo_1/gw170817_time_freq.png, id=300, 344.28625pt x 501.875pt>
File: figures/Capitolo_1/gw170817_time_freq.png Graphic file (type png)
<use figures/Capitolo_1/gw170817_time_freq.png>
Package pdftex.def Info: figures/Capitolo_1/gw170817_time_freq.png  used on inp
ut line 242.
(pdftex.def)             Requested size: 193.47578pt x 282.03595pt.
 [5 <./figures/Capitolo_1/gw_effect.png>]
LaTeX Font Info:    Trying to load font information for U+eus on input line 251
.

(/usr/share/texlive/texmf-dist/tex/latex/amsfonts/ueus.fd
File: ueus.fd 2013/01/14 v3.01 Euler Script
)
<figures/Capitolo_1/skymap.png, id=313, 501.875pt x 341.275pt>
File: figures/Capitolo_1/skymap.png Graphic file (type png)
<use figures/Capitolo_1/skymap.png>
Package pdftex.def Info: figures/Capitolo_1/skymap.png  used on input line 257.

(pdftex.def)             Requested size: 193.47578pt x 131.56572pt.

Underfull \hbox (badness 7540) in paragraph at lines 260--260
[]\T1/ptm/m/n/10 Figura 1.6: |Sky lo-ca-tion ri-co-strui-ta per
 []

[6 <./figures/Capitolo_1/gw170817_time_freq.png (PNG copy)> <./figures/Capitolo
_1/skymap.png (PNG copy)>]
<figures/Capitolo_1/GW170817_spectral_limits.pdf, id=332, 1019.99998pt x 630.39
47pt>
File: figures/Capitolo_1/GW170817_spectral_limits.pdf Graphic file (type pdf)
<use figures/Capitolo_1/GW170817_spectral_limits.pdf>
Package pdftex.def Info: figures/Capitolo_1/GW170817_spectral_limits.pdf  used 
on input line 282.
(pdftex.def)             Requested size: 241.84843pt x 149.4702pt.
 [7 <./figures/Capitolo_1/GW170817_spectral_limits.pdf>]
Underfull \hbox (badness 10000) in paragraph at lines 321--326

 []

) [8]
\openout2 = `Capitoli/Capitolo_2/Capitolo_2.aux'.

 (./Capitoli/Capitolo_2/Capitolo_2.tex
Capitolo 2.
[9



]
<figures/Capitolo_2/L1_scalogram_0.png, id=388, 798.985pt x 574.145pt>
File: figures/Capitolo_2/L1_scalogram_0.png Graphic file (type png)
<use figures/Capitolo_2/L1_scalogram_0.png>
Package pdftex.def Info: figures/Capitolo_2/L1_scalogram_0.png  used on input l
ine 133.
(pdftex.def)             Requested size: 229.75896pt x 165.10483pt.

Overfull \hbox (7.25516pt too wide) in paragraph at lines 133--134
 [] 
 []

[10]
<figures/Capitolo_2/wavepacket_patterns.png, id=403, 474.573pt x 289.08pt>
File: figures/Capitolo_2/wavepacket_patterns.png Graphic file (type png)
<use figures/Capitolo_2/wavepacket_patterns.png>
Package pdftex.def Info: figures/Capitolo_2/wavepacket_patterns.png  used on in
put line 149.
(pdftex.def)             Requested size: 229.75896pt x 139.9566pt.

Overfull \hbox (7.25516pt too wide) in paragraph at lines 149--150
 [] 
 []

<figures/Capitolo_2/l_tfmap_scalogram.png, id=406, 798.985pt x 574.145pt>
File: figures/Capitolo_2/l_tfmap_scalogram.png Graphic file (type png)
<use figures/Capitolo_2/l_tfmap_scalogram.png>
Package pdftex.def Info: figures/Capitolo_2/l_tfmap_scalogram.png  used on inpu
t line 194.
(pdftex.def)             Requested size: 229.75896pt x 165.10483pt.

Overfull \hbox (7.25516pt too wide) in paragraph at lines 194--195
 [] 
 []

[11 <./figures/Capitolo_2/L1_scalogram_0.png> <./figures/Capitolo_2/wavepacket_
patterns.png> <./figures/Capitolo_2/l_tfmap_scalogram.png>]) [12]
\openout2 = `Capitoli/Capitolo_3/Capitolo_3.aux'.


(./Capitoli/Capitolo_3/Capitolo_3.tex
Capitolo 3.
<figures/Capitolo_3/report/pds.pdf, id=432, 569.12625pt x 409.53pt>
File: figures/Capitolo_3/report/pds.pdf Graphic file (type pdf)
<use figures/Capitolo_3/report/pds.pdf>
Package pdftex.def Info: figures/Capitolo_3/report/pds.pdf  used on input line 
7.
(pdftex.def)             Requested size: 193.47578pt x 139.2196pt.
<figures/Capitolo_3/SHT2.0.pdf, id=446, 377.24939pt x 187.902pt>
File: figures/Capitolo_3/SHT2.0.pdf Graphic file (type pdf)
<use figures/Capitolo_3/SHT2.0.pdf>
Package pdftex.def Info: figures/Capitolo_3/SHT2.0.pdf  used on input line 49.
(pdftex.def)             Requested size: 217.66211pt x 108.41553pt.
<figures/Capitolo_3/SHT2.2.pdf, id=447, 377.24939pt x 187.902pt>
File: figures/Capitolo_3/SHT2.2.pdf Graphic file (type pdf)
<use figures/Capitolo_3/SHT2.2.pdf>
Package pdftex.def Info: figures/Capitolo_3/SHT2.2.pdf  used on input line 51.
(pdftex.def)             Requested size: 217.66211pt x 108.41553pt.
[13



 <./figures/Capitolo_3/report/pds.pdf, page is rotated 90 degrees>]
Overfull \hbox (4.75534pt too wide) in paragraph at lines 61--68
[][] 
 []

<figures/Capitolo_3/APR4_q09/L1_wf_white_rec_tf.png, id=499, 798.985pt x 574.14
5pt>
File: figures/Capitolo_3/APR4_q09/L1_wf_white_rec_tf.png Graphic file (type png
)
<use figures/Capitolo_3/APR4_q09/L1_wf_white_rec_tf.png>
Package pdftex.def Info: figures/Capitolo_3/APR4_q09/L1_wf_white_rec_tf.png  us
ed on input line 78.
(pdftex.def)             Requested size: 161.22983pt x 115.85196pt.
<figures/Capitolo_3/APR4_q09/H1_wf_white_rec_tf.png, id=500, 798.985pt x 574.14
5pt>
File: figures/Capitolo_3/APR4_q09/H1_wf_white_rec_tf.png Graphic file (type png
)
<use figures/Capitolo_3/APR4_q09/H1_wf_white_rec_tf.png>
Package pdftex.def Info: figures/Capitolo_3/APR4_q09/H1_wf_white_rec_tf.png  us
ed on input line 80.
(pdftex.def)             Requested size: 161.22983pt x 115.85196pt.
<figures/Capitolo_3/APR4_q09/V1_wf_white_rec_tf.png, id=501, 798.985pt x 574.14
5pt>
File: figures/Capitolo_3/APR4_q09/V1_wf_white_rec_tf.png Graphic file (type png
)
<use figures/Capitolo_3/APR4_q09/V1_wf_white_rec_tf.png>
Package pdftex.def Info: figures/Capitolo_3/APR4_q09/V1_wf_white_rec_tf.png  us
ed on input line 82.
(pdftex.def)             Requested size: 161.22983pt x 115.85196pt.
<figures/Capitolo_3/APR4_q09/l_tfmap_scalogram.png, id=502, 798.985pt x 574.145
pt>
File: figures/Capitolo_3/APR4_q09/l_tfmap_scalogram.png Graphic file (type png)

<use figures/Capitolo_3/APR4_q09/l_tfmap_scalogram.png>
Package pdftex.def Info: figures/Capitolo_3/APR4_q09/l_tfmap_scalogram.png  use
d on input line 93.
(pdftex.def)             Requested size: 193.47578pt x 139.02411pt.
[14 <./figures/Capitolo_3/SHT2.0.pdf> <./figures/Capitolo_3/SHT2.2.pdf

pdfTeX warning: /usr/bin/pdflatex (file ./figures/Capitolo_3/SHT2.2.pdf): PDF i
nclusion: multiple pdfs with page group included in a single page
> <./figures/Capitolo_3/APR4_q09/L1_wf_white_rec_tf.png> <./figures/Capitolo_3/
APR4_q09/H1_wf_white_rec_tf.png> <./figures/Capitolo_3/APR4_q09/V1_wf_white_rec
_tf.png>]
<figures/Capitolo_3/APR4_q09/L1_wf_white_inj_rec.png, id=565, 798.985pt x 473.7
7pt>
File: figures/Capitolo_3/APR4_q09/L1_wf_white_inj_rec.png Graphic file (type pn
g)
<use figures/Capitolo_3/APR4_q09/L1_wf_white_inj_rec.png>
Package pdftex.def Info: figures/Capitolo_3/APR4_q09/L1_wf_white_inj_rec.png  u
sed on input line 106.
(pdftex.def)             Requested size: 193.47578pt x 114.7192pt.
<figures/Capitolo_3/APR4_q09/L1_wf_white_inj_rec_fft.png, id=566, 798.985pt x 4
73.77pt>
File: figures/Capitolo_3/APR4_q09/L1_wf_white_inj_rec_fft.png Graphic file (typ
e png)
<use figures/Capitolo_3/APR4_q09/L1_wf_white_inj_rec_fft.png>
Package pdftex.def Info: figures/Capitolo_3/APR4_q09/L1_wf_white_inj_rec_fft.pn
g  used on input line 108.
(pdftex.def)             Requested size: 193.47578pt x 114.7192pt.
<figures/Capitolo_3/SHT2.0spinf1_1/l_tfmap_scalogram.png, id=569, 798.985pt x 5
74.145pt>
File: figures/Capitolo_3/SHT2.0spinf1_1/l_tfmap_scalogram.png Graphic file (typ
e png)
<use figures/Capitolo_3/SHT2.0spinf1_1/l_tfmap_scalogram.png>
Package pdftex.def Info: figures/Capitolo_3/SHT2.0spinf1_1/l_tfmap_scalogram.pn
g  used on input line 121.
(pdftex.def)             Requested size: 241.84843pt x 173.78671pt.
<figures/Capitolo_3/SHT2.2spinf1_1/l_tfmap_scalogram.png, id=570, 798.985pt x 5
74.145pt>
File: figures/Capitolo_3/SHT2.2spinf1_1/l_tfmap_scalogram.png Graphic file (typ
e png)
<use figures/Capitolo_3/SHT2.2spinf1_1/l_tfmap_scalogram.png>
Package pdftex.def Info: figures/Capitolo_3/SHT2.2spinf1_1/l_tfmap_scalogram.pn
g  used on input line 123.
(pdftex.def)             Requested size: 241.84843pt x 173.78671pt.
<figures/Capitolo_3/report/RfactorsSHT2_0spin1.pdf, id=572, 569.12625pt x 534.9
9875pt>
File: figures/Capitolo_3/report/RfactorsSHT2_0spin1.pdf Graphic file (type pdf)

<use figures/Capitolo_3/report/RfactorsSHT2_0spin1.pdf>
Package pdftex.def Info: figures/Capitolo_3/report/RfactorsSHT2_0spin1.pdf  use
d on input line 141.
(pdftex.def)             Requested size: 145.11053pt x 136.41063pt.
<figures/Capitolo_3/report/ipositionSHT2_0spin1.pdf, id=573, 569.12625pt x 266.
9975pt>
File: figures/Capitolo_3/report/ipositionSHT2_0spin1.pdf Graphic file (type pdf
)
<use figures/Capitolo_3/report/ipositionSHT2_0spin1.pdf>
Package pdftex.def Info: figures/Capitolo_3/report/ipositionSHT2_0spin1.pdf  us
ed on input line 143.
(pdftex.def)             Requested size: 290.22107pt x 136.15875pt.
<figures/Capitolo_3/report/Network_iSNR_FactorsSHT2_0spin1.pdf, id=575, 569.126
25pt x 555.07375pt>
File: figures/Capitolo_3/report/Network_iSNR_FactorsSHT2_0spin1.pdf Graphic fil
e (type pdf)
<use figures/Capitolo_3/report/Network_iSNR_FactorsSHT2_0spin1.pdf>
Package pdftex.def Info: figures/Capitolo_3/report/Network_iSNR_FactorsSHT2_0sp
in1.pdf  used on input line 154.
(pdftex.def)             Requested size: 161.22983pt x 157.24904pt.
<figures/Capitolo_3/report/Network_iSNR_FactorsSHT2_2spin1.pdf, id=576, 569.126
25pt x 555.07375pt>
File: figures/Capitolo_3/report/Network_iSNR_FactorsSHT2_2spin1.pdf Graphic fil
e (type pdf)
<use figures/Capitolo_3/report/Network_iSNR_FactorsSHT2_2spin1.pdf>
Package pdftex.def Info: figures/Capitolo_3/report/Network_iSNR_FactorsSHT2_2sp
in1.pdf  used on input line 156.
(pdftex.def)             Requested size: 161.22983pt x 157.24904pt.
<figures/Capitolo_3/report/Network_iSNR_FactorsAPR4_q09.pdf, id=577, 569.12625p
t x 555.07375pt>
File: figures/Capitolo_3/report/Network_iSNR_FactorsAPR4_q09.pdf Graphic file (
type pdf)
<use figures/Capitolo_3/report/Network_iSNR_FactorsAPR4_q09.pdf>
Package pdftex.def Info: figures/Capitolo_3/report/Network_iSNR_FactorsAPR4_q09
.pdf  used on input line 158.
(pdftex.def)             Requested size: 161.22983pt x 157.24904pt.
 [15 <./figures/Capitolo_3/APR4_q09/l_tfmap_scalogram.png> <./figures/Capitolo_
3/APR4_q09/L1_wf_white_inj_rec.png> <./figures/Capitolo_3/APR4_q09/L1_wf_white_
inj_rec_fft.png> <./figures/Capitolo_3/SHT2.0spinf1_1/l_tfmap_scalogram.png> <.
/figures/Capitolo_3/SHT2.2spinf1_1/l_tfmap_scalogram.png>]
<figures/Capitolo_3/report/RopositionSHT2_0spin1.pdf, id=591, 569.12625pt x 266
.9975pt>
File: figures/Capitolo_3/report/RopositionSHT2_0spin1.pdf Graphic file (type pd
f)
<use figures/Capitolo_3/report/RopositionSHT2_0spin1.pdf>
Package pdftex.def Info: figures/Capitolo_3/report/RopositionSHT2_0spin1.pdf  u
sed on input line 168.
(pdftex.def)             Requested size: 241.84843pt x 113.46223pt.
<figures/Capitolo_3/OverlapDistributionDetector1APR4_q09.pdf, id=596, 569.12625
pt x 382.42876pt>
File: figures/Capitolo_3/OverlapDistributionDetector1APR4_q09.pdf Graphic file 
(type pdf)
<use figures/Capitolo_3/OverlapDistributionDetector1APR4_q09.pdf>
Package pdftex.def Info: figures/Capitolo_3/OverlapDistributionDetector1APR4_q0
9.pdf  used on input line 185.
(pdftex.def)             Requested size: 193.47578pt x 130.00655pt.
<figures/Capitolo_3/FrequencyLHDistributionDetector1APR4_q09.pdf, id=597, 569.1
2625pt x 382.42876pt>
File: figures/Capitolo_3/FrequencyLHDistributionDetector1APR4_q09.pdf Graphic f
ile (type pdf)
<use figures/Capitolo_3/FrequencyLHDistributionDetector1APR4_q09.pdf>
Package pdftex.def Info: figures/Capitolo_3/FrequencyLHDistributionDetector1APR
4_q09.pdf  used on input line 187.
(pdftex.def)             Requested size: 193.47578pt x 130.00655pt.
<figures/Capitolo_3/report/FITSHT2_0spin1.pdf, id=599, 569.12625pt x 108.405pt>

File: figures/Capitolo_3/report/FITSHT2_0spin1.pdf Graphic file (type pdf)
<use figures/Capitolo_3/report/FITSHT2_0spin1.pdf>
Package pdftex.def Info: figures/Capitolo_3/report/FITSHT2_0spin1.pdf  used on 
input line 198.
(pdftex.def)             Requested size: 483.69687pt x 92.1364pt.
 [16 <./figures/Capitolo_3/report/RfactorsSHT2_0spin1.pdf, page is rotated 90 d
egrees> <./figures/Capitolo_3/report/ipositionSHT2_0spin1.pdf, page is rotated 
90 degrees> <./figures/Capitolo_3/report/Network_iSNR_FactorsSHT2_0spin1.pdf, p
age is rotated 90 degrees> <./figures/Capitolo_3/report/Network_iSNR_FactorsSHT
2_2spin1.pdf, page is rotated 90 degrees> <./figures/Capitolo_3/report/Network_
iSNR_FactorsAPR4_q09.pdf, page is rotated 90 degrees> <./figures/Capitolo_3/rep
ort/RopositionSHT2_0spin1.pdf, page is rotated 90 degrees>]
<figures/Capitolo_3/report/RatioResidualEnergyDistributionDetector1SHT2_0spin11
.pdf, id=872, 569.12625pt x 384.43625pt>
File: figures/Capitolo_3/report/RatioResidualEnergyDistributionDetector1SHT2_0s
pin11.pdf Graphic file (type pdf)
<use figures/Capitolo_3/report/RatioResidualEnergyDistributionDetector1SHT2_0sp
in11.pdf>
Package pdftex.def Info: figures/Capitolo_3/report/RatioResidualEnergyDistribut
ionDetector1SHT2_0spin11.pdf  used on input line 225.
(pdftex.def)             Requested size: 161.22983pt x 108.90846pt.
<figures/Capitolo_3/report/RatioResidualEnergyDistributionDetector1SHT2_2spin11
.pdf, id=873, 569.12625pt x 384.43625pt>
File: figures/Capitolo_3/report/RatioResidualEnergyDistributionDetector1SHT2_2s
pin11.pdf Graphic file (type pdf)
<use figures/Capitolo_3/report/RatioResidualEnergyDistributionDetector1SHT2_2sp
in11.pdf>
Package pdftex.def Info: figures/Capitolo_3/report/RatioResidualEnergyDistribut
ionDetector1SHT2_2spin11.pdf  used on input line 227.
(pdftex.def)             Requested size: 161.22983pt x 108.90846pt.
<figures/Capitolo_3/report/RatioResidualEnergyDistributionDetector1APR4_q091.pd
f, id=874, 569.12625pt x 384.43625pt>
File: figures/Capitolo_3/report/RatioResidualEnergyDistributionDetector1APR4_q0
91.pdf Graphic file (type pdf)
<use figures/Capitolo_3/report/RatioResidualEnergyDistributionDetector1APR4_q09
1.pdf>
Package pdftex.def Info: figures/Capitolo_3/report/RatioResidualEnergyDistribut
ionDetector1APR4_q091.pdf  used on input line 229.
(pdftex.def)             Requested size: 161.22983pt x 108.90846pt.
<figures/Capitolo_3/report/OverlapDistributionDetector1SHT2_0spin11.pdf, id=875
, 569.12625pt x 338.26375pt>
File: figures/Capitolo_3/report/OverlapDistributionDetector1SHT2_0spin11.pdf Gr
aphic file (type pdf)
<use figures/Capitolo_3/report/OverlapDistributionDetector1SHT2_0spin11.pdf>
Package pdftex.def Info: figures/Capitolo_3/report/OverlapDistributionDetector1
SHT2_0spin11.pdf  used on input line 238.
(pdftex.def)             Requested size: 159.62085pt x 94.8732pt.
<figures/Capitolo_3/report/OverlapDistributionDetector2SHT2_0spin11.pdf, id=876
, 569.12625pt x 338.26375pt>
File: figures/Capitolo_3/report/OverlapDistributionDetector2SHT2_0spin11.pdf Gr
aphic file (type pdf)
<use figures/Capitolo_3/report/OverlapDistributionDetector2SHT2_0spin11.pdf>
Package pdftex.def Info: figures/Capitolo_3/report/OverlapDistributionDetector2
SHT2_0spin11.pdf  used on input line 240.
(pdftex.def)             Requested size: 159.62085pt x 94.8732pt.
<figures/Capitolo_3/report/OverlapDistributionDetector3SHT2_0spin11.pdf, id=877
, 569.12625pt x 338.26375pt>
File: figures/Capitolo_3/report/OverlapDistributionDetector3SHT2_0spin11.pdf Gr
aphic file (type pdf)
<use figures/Capitolo_3/report/OverlapDistributionDetector3SHT2_0spin11.pdf>
Package pdftex.def Info: figures/Capitolo_3/report/OverlapDistributionDetector3
SHT2_0spin11.pdf  used on input line 242.
(pdftex.def)             Requested size: 159.62085pt x 94.8732pt.
<figures/Capitolo_3/report/OverlapDistributionsALLDetector3SHT2_0spin1.pdf, id=
878, 569.12625pt x 441.65pt>
File: figures/Capitolo_3/report/OverlapDistributionsALLDetector3SHT2_0spin1.pdf
 Graphic file (type pdf)
<use figures/Capitolo_3/report/OverlapDistributionsALLDetector3SHT2_0spin1.pdf>

Package pdftex.def Info: figures/Capitolo_3/report/OverlapDistributionsALLDetec
tor3SHT2_0spin1.pdf  used on input line 251.
(pdftex.def)             Requested size: 145.11053pt x 112.60915pt.

Underfull \hbox (badness 1831) in paragraph at lines 254--254
[]\T1/ptm/m/n/10 Figura 3.14: |Al-cu-ne di-stri-bu-zio-
 []


Underfull \hbox (badness 2221) in paragraph at lines 254--254
\T1/ptm/m/n/10 ni de-gli over-lap di-vi-si per SNR
 []

[17 <./figures/Capitolo_3/OverlapDistributionDetector1APR4_q09.pdf, page is rot
ated 90 degrees> <./figures/Capitolo_3/FrequencyLHDistributionDetector1APR4_q09
.pdf, page is rotated 90 degrees> <./figures/Capitolo_3/report/FITSHT2_0spin1.p
df, page is rotated 90 degrees> <./figures/Capitolo_3/report/RatioResidualEnerg
yDistributionDetector1SHT2_0spin11.pdf, page is rotated 90 degrees> <./figures/
Capitolo_3/report/RatioResidualEnergyDistributionDetector1SHT2_2spin11.pdf, pag
e is rotated 90 degrees> <./figures/Capitolo_3/report/RatioResidualEnergyDistri
butionDetector1APR4_q091.pdf, page is rotated 90 degrees>]
<figures/Capitolo_3/report/overlaps_Colors_GrapgSHT2_0spin11.pdf, id=1153, 569.
12625pt x 409.53pt>
File: figures/Capitolo_3/report/overlaps_Colors_GrapgSHT2_0spin11.pdf Graphic f
ile (type pdf)
<use figures/Capitolo_3/report/overlaps_Colors_GrapgSHT2_0spin11.pdf>
Package pdftex.def Info: figures/Capitolo_3/report/overlaps_Colors_GrapgSHT2_0s
pin11.pdf  used on input line 264.
(pdftex.def)             Requested size: 161.22983pt x 116.01738pt.
<figures/Capitolo_3/report/overlaps_Colors_GrapgSHT2_2spin11.pdf, id=1154, 569.
12625pt x 409.53pt>
File: figures/Capitolo_3/report/overlaps_Colors_GrapgSHT2_2spin11.pdf Graphic f
ile (type pdf)
<use figures/Capitolo_3/report/overlaps_Colors_GrapgSHT2_2spin11.pdf>
Package pdftex.def Info: figures/Capitolo_3/report/overlaps_Colors_GrapgSHT2_2s
pin11.pdf  used on input line 266.
(pdftex.def)             Requested size: 161.22983pt x 116.01738pt.
<figures/Capitolo_3/report/overlaps_Colors_GrapgAPR4_q091.pdf, id=1155, 569.126
25pt x 409.53pt>
File: figures/Capitolo_3/report/overlaps_Colors_GrapgAPR4_q091.pdf Graphic file
 (type pdf)
<use figures/Capitolo_3/report/overlaps_Colors_GrapgAPR4_q091.pdf>
Package pdftex.def Info: figures/Capitolo_3/report/overlaps_Colors_GrapgAPR4_q0
91.pdf  used on input line 268.
(pdftex.def)             Requested size: 161.22983pt x 116.01738pt.
 [18 <./figures/Capitolo_3/report/OverlapDistributionDetector1SHT2_0spin11.pdf,
 page is rotated 90 degrees> <./figures/Capitolo_3/report/OverlapDistributionDe
tector2SHT2_0spin11.pdf, page is rotated 90 degrees> <./figures/Capitolo_3/repo
rt/OverlapDistributionDetector3SHT2_0spin11.pdf, page is rotated 90 degrees> <.
/figures/Capitolo_3/report/OverlapDistributionsALLDetector3SHT2_0spin1.pdf, pag
e is rotated 90 degrees> <./figures/Capitolo_3/report/overlaps_Colors_GrapgSHT2
_0spin11.pdf, page is rotated 90 degrees> <./figures/Capitolo_3/report/overlaps
_Colors_GrapgSHT2_2spin11.pdf, page is rotated 90 degrees> <./figures/Capitolo_
3/report/overlaps_Colors_GrapgAPR4_q091.pdf, page is rotated 90 degrees>]
<figures/Capitolo_3/dump/1/wdm64_296_2_layers64_rec_cut.png, id=1476, 800.9925p
t x 576.1525pt>
File: figures/Capitolo_3/dump/1/wdm64_296_2_layers64_rec_cut.png Graphic file (
type png)
<use figures/Capitolo_3/dump/1/wdm64_296_2_layers64_rec_cut.png>
Package pdftex.def Info: figures/Capitolo_3/dump/1/wdm64_296_2_layers64_rec_cut
.png  used on input line 301.
(pdftex.def)             Requested size: 193.47578pt x 139.16734pt.
<figures/Capitolo_3/dump/1/wdm64_296_2_layers64_recPM2.png, id=1477, 800.9925pt
 x 576.1525pt>
File: figures/Capitolo_3/dump/1/wdm64_296_2_layers64_recPM2.png Graphic file (t
ype png)
<use figures/Capitolo_3/dump/1/wdm64_296_2_layers64_recPM2.png>
Package pdftex.def Info: figures/Capitolo_3/dump/1/wdm64_296_2_layers64_recPM2.
png  used on input line 303.
(pdftex.def)             Requested size: 193.47578pt x 139.16734pt.
<figures/Capitolo_3/dump/1/V1_snr_cum_SHTdfdt_296.png, id=1478, 600.2425pt x 37
5.4025pt>
File: figures/Capitolo_3/dump/1/V1_snr_cum_SHTdfdt_296.png Graphic file (type p
ng)
<use figures/Capitolo_3/dump/1/V1_snr_cum_SHTdfdt_296.png>
Package pdftex.def Info: figures/Capitolo_3/dump/1/V1_snr_cum_SHTdfdt_296.png  
used on input line 313.
(pdftex.def)             Requested size: 217.66211pt x 136.13004pt.
<figures/Capitolo_3/report/EnergyDistributionFactorDetector3SHT2_0spin11.pdf, i
d=1482, 569.12625pt x 108.405pt>
File: figures/Capitolo_3/report/EnergyDistributionFactorDetector3SHT2_0spin11.p
df Graphic file (type pdf)
<use figures/Capitolo_3/report/EnergyDistributionFactorDetector3SHT2_0spin11.pd
f>
Package pdftex.def Info: figures/Capitolo_3/report/EnergyDistributionFactorDete
ctor3SHT2_0spin11.pdf  used on input line 328.
(pdftex.def)             Requested size: 483.69687pt x 92.1364pt.
<figures/Capitolo_3/report/EnergyDistributionFactorDetector3SHT2_2spin11.pdf, i
d=1483, 569.12625pt x 108.405pt>
File: figures/Capitolo_3/report/EnergyDistributionFactorDetector3SHT2_2spin11.p
df Graphic file (type pdf)
<use figures/Capitolo_3/report/EnergyDistributionFactorDetector3SHT2_2spin11.pd
f>
Package pdftex.def Info: figures/Capitolo_3/report/EnergyDistributionFactorDete
ctor3SHT2_2spin11.pdf  used on input line 331.
(pdftex.def)             Requested size: 483.69687pt x 92.1364pt.
<figures/Capitolo_3/report/EnergyDistributionFactorDetector3APR4_q091.pdf, id=1
484, 569.12625pt x 108.405pt>
File: figures/Capitolo_3/report/EnergyDistributionFactorDetector3APR4_q091.pdf 
Graphic file (type pdf)
<use figures/Capitolo_3/report/EnergyDistributionFactorDetector3APR4_q091.pdf>
Package pdftex.def Info: figures/Capitolo_3/report/EnergyDistributionFactorDete
ctor3APR4_q091.pdf  used on input line 334.
(pdftex.def)             Requested size: 483.69687pt x 92.1364pt.
<figures/Capitolo_3/report/energy_pm_Colors_GrapgSHT2_0spin11.pdf, id=1486, 569
.12625pt x 409.53pt>
File: figures/Capitolo_3/report/energy_pm_Colors_GrapgSHT2_0spin11.pdf Graphic 
file (type pdf)
<use figures/Capitolo_3/report/energy_pm_Colors_GrapgSHT2_0spin11.pdf>
Package pdftex.def Info: figures/Capitolo_3/report/energy_pm_Colors_GrapgSHT2_0
spin11.pdf  used on input line 343.
(pdftex.def)             Requested size: 161.22983pt x 116.01738pt.
<figures/Capitolo_3/report/energy_pm_Colors_GrapgSHT2_2spin11.pdf, id=1487, 569
.12625pt x 409.53pt>
File: figures/Capitolo_3/report/energy_pm_Colors_GrapgSHT2_2spin11.pdf Graphic 
file (type pdf)
<use figures/Capitolo_3/report/energy_pm_Colors_GrapgSHT2_2spin11.pdf>
Package pdftex.def Info: figures/Capitolo_3/report/energy_pm_Colors_GrapgSHT2_2
spin11.pdf  used on input line 345.
(pdftex.def)             Requested size: 161.22983pt x 116.01738pt.
<figures/Capitolo_3/report/energy_pm_Colors_GrapgAPR4_q091.pdf, id=1488, 569.12
625pt x 409.53pt>
File: figures/Capitolo_3/report/energy_pm_Colors_GrapgAPR4_q091.pdf Graphic fil
e (type pdf)
<use figures/Capitolo_3/report/energy_pm_Colors_GrapgAPR4_q091.pdf>
Package pdftex.def Info: figures/Capitolo_3/report/energy_pm_Colors_GrapgAPR4_q
091.pdf  used on input line 347.
(pdftex.def)             Requested size: 161.22983pt x 116.01738pt.
 [19 <./figures/Capitolo_3/dump/1/wdm64_296_2_layers64_rec_cut.png> <./figures/
Capitolo_3/dump/1/wdm64_296_2_layers64_recPM2.png> <./figures/Capitolo_3/dump/1
/V1_snr_cum_SHTdfdt_296.png>]
<figures/Capitolo_3/report/Freq_PM_DistributionDetector3SHT2_0spin11.pdf, id=15
03, 569.12625pt x 384.43625pt>
File: figures/Capitolo_3/report/Freq_PM_DistributionDetector3SHT2_0spin11.pdf G
raphic file (type pdf)
<use figures/Capitolo_3/report/Freq_PM_DistributionDetector3SHT2_0spin11.pdf>
Package pdftex.def Info: figures/Capitolo_3/report/Freq_PM_DistributionDetector
3SHT2_0spin11.pdf  used on input line 358.
(pdftex.def)             Requested size: 161.22983pt x 108.90846pt.
<figures/Capitolo_3/report/Freq_PM_DistributionDetector3SHT2_2spin11.pdf, id=15
04, 569.12625pt x 384.43625pt>
File: figures/Capitolo_3/report/Freq_PM_DistributionDetector3SHT2_2spin11.pdf G
raphic file (type pdf)
<use figures/Capitolo_3/report/Freq_PM_DistributionDetector3SHT2_2spin11.pdf>
Package pdftex.def Info: figures/Capitolo_3/report/Freq_PM_DistributionDetector
3SHT2_2spin11.pdf  used on input line 360.
(pdftex.def)             Requested size: 161.22983pt x 108.90846pt.
<figures/Capitolo_3/report/Freq_PM_DistributionDetector3APR4_q091.pdf, id=1505,
 569.12625pt x 384.43625pt>
File: figures/Capitolo_3/report/Freq_PM_DistributionDetector3APR4_q091.pdf Grap
hic file (type pdf)
<use figures/Capitolo_3/report/Freq_PM_DistributionDetector3APR4_q091.pdf>
Package pdftex.def Info: figures/Capitolo_3/report/Freq_PM_DistributionDetector
3APR4_q091.pdf  used on input line 362.
(pdftex.def)             Requested size: 161.22983pt x 108.90846pt.
<figures/Capitolo_3/report/frequencies_Colors_GrapgSHT2_0spin11.pdf, id=1506, 5
69.12625pt x 409.53pt>
File: figures/Capitolo_3/report/frequencies_Colors_GrapgSHT2_0spin11.pdf Graphi
c file (type pdf)
<use figures/Capitolo_3/report/frequencies_Colors_GrapgSHT2_0spin11.pdf>
Package pdftex.def Info: figures/Capitolo_3/report/frequencies_Colors_GrapgSHT2
_0spin11.pdf  used on input line 370.
(pdftex.def)             Requested size: 161.22983pt x 116.01738pt.
<figures/Capitolo_3/report/frequencies_Colors_GrapgSHT2_2spin11.pdf, id=1507, 5
69.12625pt x 409.53pt>
File: figures/Capitolo_3/report/frequencies_Colors_GrapgSHT2_2spin11.pdf Graphi
c file (type pdf)
<use figures/Capitolo_3/report/frequencies_Colors_GrapgSHT2_2spin11.pdf>
Package pdftex.def Info: figures/Capitolo_3/report/frequencies_Colors_GrapgSHT2
_2spin11.pdf  used on input line 372.
(pdftex.def)             Requested size: 161.22983pt x 116.01738pt.
<figures/Capitolo_3/report/frequencies_Colors_GrapgAPR4_q091.pdf, id=1508, 569.
12625pt x 409.53pt>
File: figures/Capitolo_3/report/frequencies_Colors_GrapgAPR4_q091.pdf Graphic f
ile (type pdf)
<use figures/Capitolo_3/report/frequencies_Colors_GrapgAPR4_q091.pdf>
Package pdftex.def Info: figures/Capitolo_3/report/frequencies_Colors_GrapgAPR4
_q091.pdf  used on input line 374.
(pdftex.def)             Requested size: 161.22983pt x 116.01738pt.
<figures/Capitolo_3/report/bandwidth_Colors_GrapgSHT2_0spin11.pdf, id=1510, 569
.12625pt x 409.53pt>
File: figures/Capitolo_3/report/bandwidth_Colors_GrapgSHT2_0spin11.pdf Graphic 
file (type pdf)
<use figures/Capitolo_3/report/bandwidth_Colors_GrapgSHT2_0spin11.pdf>
Package pdftex.def Info: figures/Capitolo_3/report/bandwidth_Colors_GrapgSHT2_0
spin11.pdf  used on input line 384.
(pdftex.def)             Requested size: 161.22983pt x 116.01738pt.
<figures/Capitolo_3/report/bandwidth_Colors_GrapgSHT2_2spin11.pdf, id=1511, 569
.12625pt x 409.53pt>
File: figures/Capitolo_3/report/bandwidth_Colors_GrapgSHT2_2spin11.pdf Graphic 
file (type pdf)
<use figures/Capitolo_3/report/bandwidth_Colors_GrapgSHT2_2spin11.pdf>
Package pdftex.def Info: figures/Capitolo_3/report/bandwidth_Colors_GrapgSHT2_2
spin11.pdf  used on input line 386.
(pdftex.def)             Requested size: 161.22983pt x 116.01738pt.
<figures/Capitolo_3/report/bandwidth_Colors_GrapgAPR4_q091.pdf, id=1512, 569.12
625pt x 409.53pt>
File: figures/Capitolo_3/report/bandwidth_Colors_GrapgAPR4_q091.pdf Graphic fil
e (type pdf)
<use figures/Capitolo_3/report/bandwidth_Colors_GrapgAPR4_q091.pdf>
Package pdftex.def Info: figures/Capitolo_3/report/bandwidth_Colors_GrapgAPR4_q
091.pdf  used on input line 388.
(pdftex.def)             Requested size: 161.22983pt x 116.01738pt.
 [20 <./figures/Capitolo_3/report/EnergyDistributionFactorDetector3SHT2_0spin11
.pdf, page is rotated 90 degrees> <./figures/Capitolo_3/report/EnergyDistributi
onFactorDetector3SHT2_2spin11.pdf, page is rotated 90 degrees> <./figures/Capit
olo_3/report/EnergyDistributionFactorDetector3APR4_q091.pdf, page is rotated 90
 degrees> <./figures/Capitolo_3/report/energy_pm_Colors_GrapgSHT2_0spin11.pdf, 
page is rotated 90 degrees> <./figures/Capitolo_3/report/energy_pm_Colors_Grapg
SHT2_2spin11.pdf, page is rotated 90 degrees> <./figures/Capitolo_3/report/ener
gy_pm_Colors_GrapgAPR4_q091.pdf, page is rotated 90 degrees>]
<figures/Capitolo_3/report/Likelihood_DistributionDetector1SHT2_0spin11.pdf, id
=1785, 569.12625pt x 384.43625pt>
File: figures/Capitolo_3/report/Likelihood_DistributionDetector1SHT2_0spin11.pd
f Graphic file (type pdf)
<use figures/Capitolo_3/report/Likelihood_DistributionDetector1SHT2_0spin11.pdf
>
Package pdftex.def Info: figures/Capitolo_3/report/Likelihood_DistributionDetec
tor1SHT2_0spin11.pdf  used on input line 398.
(pdftex.def)             Requested size: 161.22983pt x 108.90846pt.
<figures/Capitolo_3/report/Likelihood_DistributionDetector1SHT2_2spin11.pdf, id
=1786, 569.12625pt x 384.43625pt>
File: figures/Capitolo_3/report/Likelihood_DistributionDetector1SHT2_2spin11.pd
f Graphic file (type pdf)
<use figures/Capitolo_3/report/Likelihood_DistributionDetector1SHT2_2spin11.pdf
>
Package pdftex.def Info: figures/Capitolo_3/report/Likelihood_DistributionDetec
tor1SHT2_2spin11.pdf  used on input line 400.
(pdftex.def)             Requested size: 161.22983pt x 108.90846pt.
<figures/Capitolo_3/report/Likelihood_DistributionDetector1APR4_q091.pdf, id=17
87, 569.12625pt x 384.43625pt>
File: figures/Capitolo_3/report/Likelihood_DistributionDetector1APR4_q091.pdf G
raphic file (type pdf)
<use figures/Capitolo_3/report/Likelihood_DistributionDetector1APR4_q091.pdf>
Package pdftex.def Info: figures/Capitolo_3/report/Likelihood_DistributionDetec
tor1APR4_q091.pdf  used on input line 402.
(pdftex.def)             Requested size: 161.22983pt x 108.90846pt.
) [21 <./figures/Capitolo_3/report/Freq_PM_DistributionDetector3SHT2_0spin11.pd
f, page is rotated 90 degrees> <./figures/Capitolo_3/report/Freq_PM_Distributio
nDetector3SHT2_2spin11.pdf, page is rotated 90 degrees> <./figures/Capitolo_3/r
eport/Freq_PM_DistributionDetector3APR4_q091.pdf, page is rotated 90 degrees> <
./figures/Capitolo_3/report/frequencies_Colors_GrapgSHT2_0spin11.pdf, page is r
otated 90 degrees> <./figures/Capitolo_3/report/frequencies_Colors_GrapgSHT2_2s
pin11.pdf, page is rotated 90 degrees> <./figures/Capitolo_3/report/frequencies
_Colors_GrapgAPR4_q091.pdf, page is rotated 90 degrees> <./figures/Capitolo_3/r
eport/bandwidth_Colors_GrapgSHT2_0spin11.pdf, page is rotated 90 degrees> <./fi
gures/Capitolo_3/report/bandwidth_Colors_GrapgSHT2_2spin11.pdf, page is rotated
 90 degrees> <./figures/Capitolo_3/report/bandwidth_Colors_GrapgAPR4_q091.pdf, 
page is rotated 90 degrees>] [22 <./figures/Capitolo_3/report/Likelihood_Distri
butionDetector1SHT2_0spin11.pdf, page is rotated 90 degrees> <./figures/Capitol
o_3/report/Likelihood_DistributionDetector1SHT2_2spin11.pdf, page is rotated 90
 degrees> <./figures/Capitolo_3/report/Likelihood_DistributionDetector1APR4_q09
1.pdf, page is rotated 90 degrees>]
\openout2 = `Capitoli/Conclusioni/Conclusioni.aux'.

 (./Capitoli/Conclusioni/Conclusioni.tex) [23




]
(./Tesi_Triennale_PMNS.bbl
LaTeX Font Info:    Trying to load font information for T1+pcr on input line 58
.

(/usr/share/texlive/texmf-dist/tex/latex/psnfss/t1pcr.fd
File: t1pcr.fd 2001/06/04 font definitions for T1/pcr.
)
Underfull \hbox (badness 3635) in paragraph at lines 56--60
[]\T1/ptm/m/sc/9 CoherentWaveburst\T1/ptm/m/n/9 .  cWB Ma-nual.  []$\T1/pcr/m/n
/9 https :
 []


Underfull \hbox (badness 10000) in paragraph at lines 56--60
\T1/pcr/m/n/9 / / gwburst . gitlab . io / documentation /
 []


Underfull \hbox (badness 1005) in paragraph at lines 56--60
\T1/pcr/m/n/9 latest / html / index . html$[]\T1/ptm/m/n/9 .  Ac-ces-sed: 26 Ma
rch
 []


Underfull \hbox (badness 1231) in paragraph at lines 101--104
\T1/ptm/m/it/9 phy-sics and Co-smo-lo-gy\T1/ptm/m/n/9 .  Gra-vi-ta-tio-nal Wa-v
es. Ox-ford
 []

)
Package atveryend Info: Empty hook `BeforeClearDocument' on input line 16.
 [24



]
Package atveryend Info: Empty hook `AfterLastShipout' on input line 16.
 (./Tesi_Triennale_PMNS.aux (./Capitoli/Frontespizio/Frontespizio.aux)
(./Capitoli/Capitolo_1/Capitolo_1.aux) (./Capitoli/Capitolo_2/Capitolo_2.aux)
(./Capitoli/Capitolo_3/Capitolo_3.aux) (./Capitoli/Conclusioni/Conclusioni.aux)
)
Package atveryend Info: Executing hook `AtVeryEndDocument' on input line 16.
Package atveryend Info: Executing hook `AtEndAfterFileList' on input line 16.
Package rerunfilecheck Info: File `Tesi_Triennale_PMNS.out' has not changed.
(rerunfilecheck)             Checksum: 90F52D18B8E2B39C8B6E8610ADF7F6CD;2104.
Package atveryend Info: Empty hook `AtVeryVeryEnd' on input line 16.
 ) 
Here is how much of TeX's memory you used:
 23290 strings out of 480906
 390219 string characters out of 5910773
 737577 words of memory out of 5000000
 38156 multiletter control sequences out of 15000+600000
 610793 words of font info for 118 fonts, out of 8000000 for 9000
 1141 hyphenation exceptions out of 8191
 61i,13n,54p,1264b,2384s stack positions out of 5000i,500n,10000p,200000b,80000s
{/usr/share/texlive/texmf-dist/fonts/enc/dvips/base/8r.enc}</usr/share/texliv
e/texmf-dist/fonts/type1/public/amsfonts/cm/cmbx10.pfb></usr/share/texlive/texm
f-dist/fonts/type1/public/amsfonts/cm/cmex10.pfb></usr/share/texlive/texmf-dist
/fonts/type1/public/amsfonts/cm/cmmi10.pfb></usr/share/texlive/texmf-dist/fonts
/type1/public/amsfonts/cm/cmmi12.pfb></usr/share/texlive/texmf-dist/fonts/type1
/public/amsfonts/cm/cmmi6.pfb></usr/share/texlive/texmf-dist/fonts/type1/public
/amsfonts/cm/cmmi8.pfb></usr/share/texlive/texmf-dist/fonts/type1/public/amsfon
ts/cm/cmmi9.pfb></usr/share/texlive/texmf-dist/fonts/type1/public/amsfonts/cm/c
mr10.pfb></usr/share/texlive/texmf-dist/fonts/type1/public/amsfonts/cm/cmr12.pf
b></usr/share/texlive/texmf-dist/fonts/type1/public/amsfonts/cm/cmr17.pfb></usr
/share/texlive/texmf-dist/fonts/type1/public/amsfonts/cm/cmr6.pfb></usr/share/t
exlive/texmf-dist/fonts/type1/public/amsfonts/cm/cmr7.pfb></usr/share/texlive/t
exmf-dist/fonts/type1/public/amsfonts/cm/cmr8.pfb></usr/share/texlive/texmf-dis
t/fonts/type1/public/amsfonts/cm/cmr9.pfb></usr/share/texlive/texmf-dist/fonts/
type1/public/amsfonts/cm/cmss10.pfb></usr/share/texlive/texmf-dist/fonts/type1/
public/amsfonts/cm/cmsy10.pfb></usr/share/texlive/texmf-dist/fonts/type1/public
/amsfonts/cm/cmsy6.pfb></usr/share/texlive/texmf-dist/fonts/type1/public/amsfon
ts/cm/cmsy7.pfb></usr/share/texlive/texmf-dist/fonts/type1/public/amsfonts/cm/c
msy8.pfb></usr/share/texlive/texmf-dist/fonts/type1/public/amsfonts/cm/cmsy9.pf
b></usr/share/texlive/texmf-dist/fonts/type1/public/amsfonts/euler/eusm10.pfb><
/usr/share/texlive/texmf-dist/fonts/type1/public/amsfonts/symbols/msam10.pfb></
usr/share/texlive/texmf-dist/fonts/type1/urw/courier/ucrr8a.pfb></usr/share/tex
live/texmf-dist/fonts/type1/urw/times/utmb8a.pfb></usr/share/texlive/texmf-dist
/fonts/type1/urw/times/utmr8a.pfb></usr/share/texlive/texmf-dist/fonts/type1/ur
w/times/utmr8a.pfb></usr/share/texlive/texmf-dist/fonts/type1/urw/times/utmri8a
.pfb>
Output written on Tesi_Triennale_PMNS.pdf (28 pages, 3691082 bytes).
PDF statistics:
 2470 PDF objects out of 2487 (max. 8388607)
 184 named destinations out of 1000 (max. 500000)
 507 words of extra memory for PDF output out of 10000 (max. 10000000)

