\BOOKMARK [0][-]{chapter.1}{Segnali\040di\040GW\040da\040BNS}{}% 1
\BOOKMARK [1][-]{section.1.1}{Frequenze\040caratteristiche}{chapter.1}% 2
\BOOKMARK [1][-]{section.1.2}{Oggetto\040residuo}{chapter.1}% 3
\BOOKMARK [2][-]{subsection.1.2.1}{Formazione\040diretta\040un\040black\040hole}{section.1.2}% 4
\BOOKMARK [2][-]{subsection.1.2.2}{Formazione\040di\040una\040NS\040ipermassiva}{section.1.2}% 5
\BOOKMARK [2][-]{subsection.1.2.3}{Formazione\040di\040una\040NS\040supermassiva}{section.1.2}% 6
\BOOKMARK [2][-]{subsection.1.2.4}{Formazione\040di\040una\040NS\040stabile}{section.1.2}% 7
\BOOKMARK [0][-]{chapter.2}{Osservazione\040di\040GW\040da\040BNS}{}% 8
\BOOKMARK [1][-]{section.2.1}{Osservazione\040dello\040spiraleggiamento}{chapter.2}% 9
\BOOKMARK [2][-]{subsection.2.1.1}{Propriet\340\040della\040sorgente}{section.2.1}% 10
\BOOKMARK [1][-]{section.2.2}{Ricerca\040del\040post-merger\040del\040residuo}{chapter.2}% 11
\BOOKMARK [0][-]{chapter.3}{cWB}{}% 12
\BOOKMARK [0][-]{chapter.4}{Analisi}{}% 13
\BOOKMARK [1][-]{section.4.1}{Primo\040approccio\040all'algoritmo}{chapter.4}% 14
\BOOKMARK [2][-]{subsection.4.1.1}{APR4q09}{section.4.1}% 15
\BOOKMARK [2][-]{subsection.4.1.2}{SHT2.0spinf1}{section.4.1}% 16
\BOOKMARK [2][-]{subsection.4.1.3}{SHT2.2spinf1}{section.4.1}% 17
\BOOKMARK [1][-]{section.4.2}{Ricerca\040frequenza\040post-merger}{chapter.4}% 18
\BOOKMARK [0][-]{chapter*.13}{Conclusioni}{}% 19
\BOOKMARK [0][-]{chapter*.14}{Bibliografia}{}% 20
